<?xml version="1.0" encoding="UTF-8" ?>
<testsuite tests="5" failures="0" name="AuthenticationControllerTest" time="0.126" errors="0" skipped="0">
  <properties>
[...]
</properties>
  <testcase classname="AuthenticationControllerTest" name="AuthenticationControllerTest.testRegisterUser_SuccessfullyRegistered" time="0.126"/>
  <testcase classname="AuthenticationControllerTest" name="AuthenticationControllerTest.testAuthUser_SuccessfullyAuthenticated" time="0"/>
  <testcase classname="AuthenticationControllerTest" name="AuthenticationControllerTest.testRegisterUser_DuplicateUser" time="0"/>
  <testcase classname="AuthenticationControllerTest" name="AuthenticationControllerTest.testAuthUser_EmptyUserList" time="0"/>
  <testcase classname="AuthenticationControllerTest" name="AuthenticationControllerTest.testAuthUser_UnknownUser" time="0"/>
</testsuite>